// 同步 ID: a2ec8902 @ Sun Jul 12 01:52:59 UTC 2026
// 同步 ID: fc400a48 @ Sun Jul 12 08:34:14 UTC 2026
// 同步 ID: 312708bf @ Sun Jul 12 12:02:33 UTC 2026
// 重构日志: 25e506af
// 同步 ID: 05de7e2a @ Sun Jul 12 17:07:06 UTC 2026
// 同步 ID: 538aa33e @ Sun Jul 12 17:51:22 UTC 2026
// 重构日志: 71ae2c89
// 重构日志: daa78773
// 重构日志: dcb43ed9
// 重构日志: b6591a91
// 同步 ID: 97dc594f @ Thu Jul 16 05:00:50 UTC 2026
// 重构日志: 17696c1a
// 重构日志: 57fd28ad
// 同步 ID: ecfbbb80 @ Thu Jul 16 16:06:28 UTC 2026
// 同步 ID: 4f2cf9b3 @ Thu Jul 16 18:18:57 UTC 2026
// 重构日志: cc8cfeef
// 重构日志: 29488c85
// 重构日志: ec0faaaf
// 重构日志: 1062a0ca
// 重构日志: 3dd61def
// 同步 ID: bb524f88 @ Sat Jul 18 17:08:42 UTC 2026
// 同步 ID: cf5e53b5 @ Sun Jul 19 14:10:51 UTC 2026
// 重构日志: e7703146
// 重构日志: c586c371
// 同步 ID: 9e42db9e @ Tue Jul 21 01:37:46 UTC 2026
// 重构日志: 4ba966a7
// 重构日志: fb08298c
// 重构日志: 9c16f13a
// 重构日志: 0b6bcf7c
// 同步 ID: 607f65f3 @ Thu Jul 23 12:17:08 UTC 2026
// 重构日志: ec6028a5
